<?xml version="1.0" encoding="UTF-8"?>
<testsuite name="UserRegistationTest" tests="1" skipped="0" failures="0" errors="0" timestamp="2021-05-29T01:36:24" hostname="DESKTOP-9KBRA3G" time="0.001">
  <properties/>
  <testcase name="testMoodAnalysis_whenHappy_shouldReturnHappy" classname="UserRegistationTest" time="0.001"/>
  <system-out><![CDATA[]]></system-out>
  <system-err><![CDATA[]]></system-err>
</testsuite>
